2020-09-16 05:30:57.076  INFO 23232 --- [restartedMain] io.anush.DepEmpCrudApplication           : No active profile set, falling back to default profiles: default
2020-09-16 05:30:58.305  WARN 23232 --- [restartedMain] o.s.boot.actuate.endpoint.EndpointId     : Endpoint ID 'service-registry' contains invalid characters, please migrate to a valid format.
2020-09-16 05:30:58.487  INFO 23232 --- [restartedMain] o.s.cloud.context.scope.GenericScope     : BeanFactory id=31eba68b-af3a-3df9-a7e2-a55d98415d71
2020-09-16 05:30:59.667  INFO 23232 --- [restartedMain] o.s.b.w.embedded.tomcat.TomcatWebServer  : Tomcat initialized with port(s): 8085 (http)
2020-09-16 05:30:59.679  INFO 23232 --- [restartedMain] o.apache.catalina.core.StandardService   : Starting service [Tomcat]
2020-09-16 05:30:59.684  INFO 23232 --- [restartedMain] org.apache.catalina.core.StandardEngine  : Starting Servlet engine: [Apache Tomcat/9.0.37]
2020-09-16 05:31:00.116  INFO 23232 --- [restartedMain] org.apache.jasper.servlet.TldScanner     : At least one JAR was scanned for TLDs yet contained no TLDs. Enable debug logging for this logger for a complete list of JARs that were scanned but no TLDs were found in them. Skipping unneeded JARs during scanning can improve startup time and JSP compilation time.
2020-09-16 05:31:00.122  INFO 23232 --- [restartedMain] o.a.c.c.C.[Tomcat].[localhost].[/]       : Initializing Spring embedded WebApplicationContext
2020-09-16 05:31:00.122  INFO 23232 --- [restartedMain] w.s.c.ServletWebServerApplicationContext : Root WebApplicationContext: initialization completed in 3012 ms
2020-09-16 05:31:00.275  WARN 23232 --- [restartedMain] c.n.c.sources.URLConfigurationSource     : No URLs will be polled as dynamic configuration sources.
2020-09-16 05:31:00.276  INFO 23232 --- [restartedMain] c.n.c.sources.URLConfigurationSource     : To enable URLs as dynamic configuration sources, define System property archaius.configurationSource.additionalUrls or make config.properties available on classpath.
2020-09-16 05:31:00.309  INFO 23232 --- [restartedMain] c.netflix.config.DynamicPropertyFactory  : DynamicPropertyFactory is initialized with configuration sources: com.netflix.config.ConcurrentCompositeConfiguration@2f8e43f6
2020-09-16 05:31:00.565  WARN 23232 --- [restartedMain] c.n.c.sources.URLConfigurationSource     : No URLs will be polled as dynamic configuration sources.
2020-09-16 05:31:00.567  INFO 23232 --- [restartedMain] c.n.c.sources.URLConfigurationSource     : To enable URLs as dynamic configuration sources, define System property archaius.configurationSource.additionalUrls or make config.properties available on classpath.
2020-09-16 05:31:00.993  INFO 23232 --- [restartedMain] o.s.s.concurrent.ThreadPoolTaskExecutor  : Initializing ExecutorService 'applicationTaskExecutor'
2020-09-16 05:31:01.952  WARN 23232 --- [restartedMain] o.s.b.d.a.OptionalLiveReloadServer       : Unable to start LiveReload server
2020-09-16 05:31:02.231  WARN 23232 --- [restartedMain] ockingLoadBalancerClientRibbonWarnLogger : You already have RibbonLoadBalancerClient on your classpath. It will be used by default. As Spring Cloud Ribbon is in maintenance mode. We recommend switching to BlockingLoadBalancerClient instead. In order to use it, set the value of `spring.cloud.loadbalancer.ribbon.enabled` to `false` or remove spring-cloud-starter-netflix-ribbon from your project.
2020-09-16 05:31:02.308  INFO 23232 --- [restartedMain] o.s.b.a.e.web.EndpointLinksResolver      : Exposing 2 endpoint(s) beneath base path '/actuator'
2020-09-16 05:31:02.354  INFO 23232 --- [restartedMain] o.s.c.n.eureka.InstanceInfoFactory       : Setting initial instance status as: STARTING
2020-09-16 05:31:02.481  INFO 23232 --- [restartedMain] com.netflix.discovery.DiscoveryClient    : Initializing Eureka in region us-east-1
2020-09-16 05:31:02.844  INFO 23232 --- [restartedMain] c.n.d.provider.DiscoveryJerseyProvider   : Using JSON encoding codec LegacyJacksonJson
2020-09-16 05:31:02.844  INFO 23232 --- [restartedMain] c.n.d.provider.DiscoveryJerseyProvider   : Using JSON decoding codec LegacyJacksonJson
2020-09-16 05:31:03.030  INFO 23232 --- [restartedMain] c.n.d.provider.DiscoveryJerseyProvider   : Using XML encoding codec XStreamXml
2020-09-16 05:31:03.030  INFO 23232 --- [restartedMain] c.n.d.provider.DiscoveryJerseyProvider   : Using XML decoding codec XStreamXml
2020-09-16 05:31:03.258  INFO 23232 --- [restartedMain] c.n.d.s.r.aws.ConfigClusterResolver      : Resolving eureka endpoints via configuration
2020-09-16 05:31:03.456  INFO 23232 --- [restartedMain] com.netflix.discovery.DiscoveryClient    : Disable delta property : false
2020-09-16 05:31:03.457  INFO 23232 --- [restartedMain] com.netflix.discovery.DiscoveryClient    : Single vip registry refresh property : null
2020-09-16 05:31:03.457  INFO 23232 --- [restartedMain] com.netflix.discovery.DiscoveryClient    : Force full registry fetch : false
2020-09-16 05:31:03.457  INFO 23232 --- [restartedMain] com.netflix.discovery.DiscoveryClient    : Application is null : false
2020-09-16 05:31:03.457  INFO 23232 --- [restartedMain] com.netflix.discovery.DiscoveryClient    : Registered Applications size is zero : true
2020-09-16 05:31:03.457  INFO 23232 --- [restartedMain] com.netflix.discovery.DiscoveryClient    : Application version is -1: true
2020-09-16 05:31:03.457  INFO 23232 --- [restartedMain] com.netflix.discovery.DiscoveryClient    : Getting all instance registry info from the eureka server
2020-09-16 05:31:03.687  INFO 23232 --- [restartedMain] com.netflix.discovery.DiscoveryClient    : The response status is 200
2020-09-16 05:31:03.690  INFO 23232 --- [restartedMain] com.netflix.discovery.DiscoveryClient    : Starting heartbeat executor: renew interval is: 30
2020-09-16 05:31:03.694  INFO 23232 --- [restartedMain] c.n.discovery.InstanceInfoReplicator     : InstanceInfoReplicator onDemand update allowed rate per min is 4
2020-09-16 05:31:03.698  INFO 23232 --- [restartedMain] com.netflix.discovery.DiscoveryClient    : Discovery Client initialized at timestamp 1600214463697 with initial instances count: 3
2020-09-16 05:31:03.701  INFO 23232 --- [restartedMain] o.s.c.n.e.s.EurekaServiceRegistry        : Registering application DEP-EMP-CRUD with eureka with status UP
2020-09-16 05:31:03.703  INFO 23232 --- [restartedMain] com.netflix.discovery.DiscoveryClient    : Saw local status change event StatusChangeEvent [timestamp=1600214463702, current=UP, previous=STARTING]
2020-09-16 05:31:03.705  INFO 23232 --- [DiscoveryClient-InstanceInfoReplicator-0] com.netflix.discovery.DiscoveryClient    : DiscoveryClient_DEP-EMP-CRUD/DESKTOP-H60G1IE:dep-emp-crud:8085: registering service...
2020-09-16 05:31:03.761  INFO 23232 --- [DiscoveryClient-InstanceInfoReplicator-0] com.netflix.discovery.DiscoveryClient    : DiscoveryClient_DEP-EMP-CRUD/DESKTOP-H60G1IE:dep-emp-crud:8085 - registration status: 204
2020-09-16 05:31:03.777  INFO 23232 --- [restartedMain] o.s.b.w.embedded.tomcat.TomcatWebServer  : Tomcat started on port(s): 8085 (http) with context path ''
2020-09-16 05:31:03.778  INFO 23232 --- [restartedMain] .s.c.n.e.s.EurekaAutoServiceRegistration : Updating port to 8085
2020-09-16 05:31:03.995  INFO 23232 --- [restartedMain] io.anush.DepEmpCrudApplication           : Started DepEmpCrudApplication in 8.876 seconds (JVM running for 9.719)
2020-09-16 05:32:50.272  INFO 22268 --- [restartedMain] io.anush.DepEmpCrudApplication           : No active profile set, falling back to default profiles: default
2020-09-16 05:32:51.508  WARN 22268 --- [restartedMain] o.s.boot.actuate.endpoint.EndpointId     : Endpoint ID 'service-registry' contains invalid characters, please migrate to a valid format.
2020-09-16 05:32:51.687  INFO 22268 --- [restartedMain] o.s.cloud.context.scope.GenericScope     : BeanFactory id=31eba68b-af3a-3df9-a7e2-a55d98415d71
2020-09-16 05:32:52.911  INFO 22268 --- [restartedMain] o.s.b.w.embedded.tomcat.TomcatWebServer  : Tomcat initialized with port(s): 8085 (http)
2020-09-16 05:32:52.928  INFO 22268 --- [restartedMain] o.apache.catalina.core.StandardService   : Starting service [Tomcat]
2020-09-16 05:32:52.930  INFO 22268 --- [restartedMain] org.apache.catalina.core.StandardEngine  : Starting Servlet engine: [Apache Tomcat/9.0.37]
2020-09-16 05:32:53.405  INFO 22268 --- [restartedMain] org.apache.jasper.servlet.TldScanner     : At least one JAR was scanned for TLDs yet contained no TLDs. Enable debug logging for this logger for a complete list of JARs that were scanned but no TLDs were found in them. Skipping unneeded JARs during scanning can improve startup time and JSP compilation time.
2020-09-16 05:32:53.410  INFO 22268 --- [restartedMain] o.a.c.c.C.[Tomcat].[localhost].[/]       : Initializing Spring embedded WebApplicationContext
2020-09-16 05:32:53.411  INFO 22268 --- [restartedMain] w.s.c.ServletWebServerApplicationContext : Root WebApplicationContext: initialization completed in 3107 ms
2020-09-16 05:32:53.508  WARN 22268 --- [restartedMain] c.n.c.sources.URLConfigurationSource     : No URLs will be polled as dynamic configuration sources.
2020-09-16 05:32:53.509  INFO 22268 --- [restartedMain] c.n.c.sources.URLConfigurationSource     : To enable URLs as dynamic configuration sources, define System property archaius.configurationSource.additionalUrls or make config.properties available on classpath.
2020-09-16 05:32:53.526  INFO 22268 --- [restartedMain] c.netflix.config.DynamicPropertyFactory  : DynamicPropertyFactory is initialized with configuration sources: com.netflix.config.ConcurrentCompositeConfiguration@5e3679a
2020-09-16 05:32:53.743  WARN 22268 --- [restartedMain] c.n.c.sources.URLConfigurationSource     : No URLs will be polled as dynamic configuration sources.
2020-09-16 05:32:53.743  INFO 22268 --- [restartedMain] c.n.c.sources.URLConfigurationSource     : To enable URLs as dynamic configuration sources, define System property archaius.configurationSource.additionalUrls or make config.properties available on classpath.
2020-09-16 05:32:54.156  INFO 22268 --- [restartedMain] o.s.s.concurrent.ThreadPoolTaskExecutor  : Initializing ExecutorService 'applicationTaskExecutor'
2020-09-16 05:32:55.036  WARN 22268 --- [restartedMain] o.s.b.d.a.OptionalLiveReloadServer       : Unable to start LiveReload server
2020-09-16 05:32:55.361  WARN 22268 --- [restartedMain] ockingLoadBalancerClientRibbonWarnLogger : You already have RibbonLoadBalancerClient on your classpath. It will be used by default. As Spring Cloud Ribbon is in maintenance mode. We recommend switching to BlockingLoadBalancerClient instead. In order to use it, set the value of `spring.cloud.loadbalancer.ribbon.enabled` to `false` or remove spring-cloud-starter-netflix-ribbon from your project.
2020-09-16 05:32:55.422  INFO 22268 --- [restartedMain] o.s.b.a.e.web.EndpointLinksResolver      : Exposing 2 endpoint(s) beneath base path '/actuator'
2020-09-16 05:32:55.464  INFO 22268 --- [restartedMain] o.s.c.n.eureka.InstanceInfoFactory       : Setting initial instance status as: STARTING
2020-09-16 05:32:55.575  INFO 22268 --- [restartedMain] com.netflix.discovery.DiscoveryClient    : Initializing Eureka in region us-east-1
2020-09-16 05:32:56.028  INFO 22268 --- [restartedMain] c.n.d.provider.DiscoveryJerseyProvider   : Using JSON encoding codec LegacyJacksonJson
2020-09-16 05:32:56.029  INFO 22268 --- [restartedMain] c.n.d.provider.DiscoveryJerseyProvider   : Using JSON decoding codec LegacyJacksonJson
2020-09-16 05:32:56.251  INFO 22268 --- [restartedMain] c.n.d.provider.DiscoveryJerseyProvider   : Using XML encoding codec XStreamXml
2020-09-16 05:32:56.251  INFO 22268 --- [restartedMain] c.n.d.provider.DiscoveryJerseyProvider   : Using XML decoding codec XStreamXml
2020-09-16 05:32:56.569  INFO 22268 --- [restartedMain] c.n.d.s.r.aws.ConfigClusterResolver      : Resolving eureka endpoints via configuration
2020-09-16 05:32:56.756  INFO 22268 --- [restartedMain] com.netflix.discovery.DiscoveryClient    : Disable delta property : false
2020-09-16 05:32:56.756  INFO 22268 --- [restartedMain] com.netflix.discovery.DiscoveryClient    : Single vip registry refresh property : null
2020-09-16 05:32:56.756  INFO 22268 --- [restartedMain] com.netflix.discovery.DiscoveryClient    : Force full registry fetch : false
2020-09-16 05:32:56.757  INFO 22268 --- [restartedMain] com.netflix.discovery.DiscoveryClient    : Application is null : false
2020-09-16 05:32:56.757  INFO 22268 --- [restartedMain] com.netflix.discovery.DiscoveryClient    : Registered Applications size is zero : true
2020-09-16 05:32:56.757  INFO 22268 --- [restartedMain] com.netflix.discovery.DiscoveryClient    : Application version is -1: true
2020-09-16 05:32:56.757  INFO 22268 --- [restartedMain] com.netflix.discovery.DiscoveryClient    : Getting all instance registry info from the eureka server
2020-09-16 05:32:57.031  INFO 22268 --- [restartedMain] com.netflix.discovery.DiscoveryClient    : The response status is 200
2020-09-16 05:32:57.035  INFO 22268 --- [restartedMain] com.netflix.discovery.DiscoveryClient    : Starting heartbeat executor: renew interval is: 30
2020-09-16 05:32:57.038  INFO 22268 --- [restartedMain] c.n.discovery.InstanceInfoReplicator     : InstanceInfoReplicator onDemand update allowed rate per min is 4
2020-09-16 05:32:57.042  INFO 22268 --- [restartedMain] com.netflix.discovery.DiscoveryClient    : Discovery Client initialized at timestamp 1600214577041 with initial instances count: 4
2020-09-16 05:32:57.044  INFO 22268 --- [restartedMain] o.s.c.n.e.s.EurekaServiceRegistry        : Registering application DEP-EMP-CRUD with eureka with status UP
2020-09-16 05:32:57.044  INFO 22268 --- [restartedMain] com.netflix.discovery.DiscoveryClient    : Saw local status change event StatusChangeEvent [timestamp=1600214577044, current=UP, previous=STARTING]
2020-09-16 05:32:57.048  INFO 22268 --- [DiscoveryClient-InstanceInfoReplicator-0] com.netflix.discovery.DiscoveryClient    : DiscoveryClient_DEP-EMP-CRUD/DESKTOP-H60G1IE:dep-emp-crud:8085: registering service...
2020-09-16 05:32:57.116  INFO 22268 --- [DiscoveryClient-InstanceInfoReplicator-0] com.netflix.discovery.DiscoveryClient    : DiscoveryClient_DEP-EMP-CRUD/DESKTOP-H60G1IE:dep-emp-crud:8085 - registration status: 204
2020-09-16 05:32:57.132  INFO 22268 --- [restartedMain] o.s.b.w.embedded.tomcat.TomcatWebServer  : Tomcat started on port(s): 8085 (http) with context path ''
2020-09-16 05:32:57.134  INFO 22268 --- [restartedMain] .s.c.n.e.s.EurekaAutoServiceRegistration : Updating port to 8085
2020-09-16 05:32:57.403  INFO 22268 --- [restartedMain] io.anush.DepEmpCrudApplication           : Started DepEmpCrudApplication in 8.937 seconds (JVM running for 9.671)
2020-09-16 05:33:34.149  INFO 22268 --- [http-nio-8085-exec-1] o.a.c.c.C.[Tomcat].[localhost].[/]       : Initializing Spring DispatcherServlet 'dispatcherServlet'
2020-09-16 05:33:34.150  INFO 22268 --- [http-nio-8085-exec-1] o.s.web.servlet.DispatcherServlet        : Initializing Servlet 'dispatcherServlet'
2020-09-16 05:33:34.168  INFO 22268 --- [http-nio-8085-exec-1] o.s.web.servlet.DispatcherServlet        : Completed initialization in 18 ms
2020-09-16 05:33:35.184  INFO 22268 --- [http-nio-8085-exec-1] io.anush.controller.DepEmpController     : Get All Departments 
2020-09-16 05:33:35.767  INFO 22268 --- [http-nio-8085-exec-1] c.netflix.config.ChainedDynamicProperty  : Flipping property: gateway-service.ribbon.ActiveConnectionsLimit to use NEXT property: niws.loadbalancer.availabilityFilteringRule.activeConnectionsLimit = 2147483647
2020-09-16 05:33:35.860  INFO 22268 --- [http-nio-8085-exec-1] c.n.u.concurrent.ShutdownEnabledTimer    : Shutdown hook installed for: NFLoadBalancer-PingTimer-gateway-service
2020-09-16 05:33:35.861  INFO 22268 --- [http-nio-8085-exec-1] c.netflix.loadbalancer.BaseLoadBalancer  : Client: gateway-service instantiated a LoadBalancer: DynamicServerListLoadBalancer:{NFLoadBalancer:name=gateway-service,current list of Servers=[],Load balancer stats=Zone stats: {},Server stats: []}ServerList:null
2020-09-16 05:33:35.881  INFO 22268 --- [http-nio-8085-exec-1] c.n.l.DynamicServerListLoadBalancer      : Using serverListUpdater PollingServerListUpdater
2020-09-16 05:33:35.949  INFO 22268 --- [http-nio-8085-exec-1] c.netflix.config.ChainedDynamicProperty  : Flipping property: gateway-service.ribbon.ActiveConnectionsLimit to use NEXT property: niws.loadbalancer.availabilityFilteringRule.activeConnectionsLimit = 2147483647
2020-09-16 05:33:35.954  INFO 22268 --- [http-nio-8085-exec-1] c.n.l.DynamicServerListLoadBalancer      : DynamicServerListLoadBalancer for client gateway-service initialized: DynamicServerListLoadBalancer:{NFLoadBalancer:name=gateway-service,current list of Servers=[DESKTOP-H60G1IE:8083],Load balancer stats=Zone stats: {defaultzone=[Zone:defaultzone;	Instance count:1;	Active connections count: 0;	Circuit breaker tripped count: 0;	Active connections per server: 0.0;]
},Server stats: [[Server:DESKTOP-H60G1IE:8083;	Zone:defaultZone;	Total Requests:0;	Successive connection failure:0;	Total blackout seconds:0;	Last connection made:Thu Jan 01 05:30:00 IST 1970;	First connection made: Thu Jan 01 05:30:00 IST 1970;	Active Connections:0;	total failure count in last (1000) msecs:0;	average resp time:0.0;	90 percentile resp time:0.0;	95 percentile resp time:0.0;	min resp time:0.0;	max resp time:0.0;	stddev resp time:0.0]
]}ServerList:org.springframework.cloud.netflix.ribbon.eureka.DomainExtractingServerList@11ec2ef2
2020-09-16 05:33:36.891  INFO 22268 --- [PollingServerListUpdater-0] c.netflix.config.ChainedDynamicProperty  : Flipping property: gateway-service.ribbon.ActiveConnectionsLimit to use NEXT property: niws.loadbalancer.availabilityFilteringRule.activeConnectionsLimit = 2147483647
2020-09-16 05:34:24.700  INFO 22268 --- [http-nio-8085-exec-5] io.anush.controller.DepEmpController     : Get All Departments 
2020-09-16 05:34:25.277  INFO 22268 --- [http-nio-8085-exec-6] io.anush.controller.DepEmpController     : Get All Departments 
2020-09-16 05:37:56.760  INFO 22268 --- [AsyncResolver-bootstrap-executor-0] c.n.d.s.r.aws.ConfigClusterResolver      : Resolving eureka endpoints via configuration
2020-09-16 05:42:56.764  INFO 22268 --- [AsyncResolver-bootstrap-executor-0] c.n.d.s.r.aws.ConfigClusterResolver      : Resolving eureka endpoints via configuration
